Using pre-set license
Built from '2021.3/staging' branch; Version is '2021.3.21f1 (1b156197d683) revision 1774945'; Using compiler version '192829333'; Build Type 'Release'
OS: 'Windows 11  (10.0.22621) 64bit Professional' Language: 'ru' Physical Memory: 32606 MB
BatchMode: 1, IsHumanControllingUs: 0, StartBugReporterOnCrash: 0, Is64bit: 1, IsPro: 1

COMMAND LINE ARGUMENTS:
D:\Unity\2021.3.21f1\Editor\Unity.exe
-adb2
-batchMode
-noUpm
-name
AssetImportWorker11
-projectPath
D:/Unity/Projects/MyGitHub/Hide-SeekMultiPlayer/Hide&Seek-MultiPlayer
-logFile
Logs/AssetImportWorker11.log
-srvPort
62557
Successfully changed project path to: D:/Unity/Projects/MyGitHub/Hide-SeekMultiPlayer/Hide&Seek-MultiPlayer
D:/Unity/Projects/MyGitHub/Hide-SeekMultiPlayer/Hide&Seek-MultiPlayer
[UnityMemory] Configuration Parameters - Can be set up in boot.config
    "memorysetup-bucket-allocator-granularity=16"
    "memorysetup-bucket-allocator-bucket-count=8"
    "memorysetup-bucket-allocator-block-size=33554432"
    "memorysetup-bucket-allocator-block-count=8"
    "memorysetup-main-allocator-block-size=16777216"
    "memorysetup-thread-allocator-block-size=16777216"
    "memorysetup-gfx-main-allocator-block-size=16777216"
    "memorysetup-gfx-thread-allocator-block-size=16777216"
    "memorysetup-cache-allocator-block-size=4194304"
    "memorysetup-typetree-allocator-block-size=2097152"
    "memorysetup-profiler-bucket-allocator-granularity=16"
    "memorysetup-profiler-bucket-allocator-bucket-count=8"
    "memorysetup-profiler-bucket-allocator-block-size=33554432"
    "memorysetup-profiler-bucket-allocator-block-count=8"
    "memorysetup-profiler-allocator-block-size=16777216"
    "memorysetup-profiler-editor-allocator-block-size=1048576"
    "memorysetup-temp-allocator-size-main=16777216"
    "memorysetup-job-temp-allocator-block-size=2097152"
    "memorysetup-job-temp-allocator-block-size-background=1048576"
    "memorysetup-job-temp-allocator-reduction-small-platforms=262144"
    "memorysetup-temp-allocator-size-background-worker=32768"
    "memorysetup-temp-allocator-size-job-worker=262144"
    "memorysetup-temp-allocator-size-preload-manager=33554432"
    "memorysetup-temp-allocator-size-nav-mesh-worker=65536"
    "memorysetup-temp-allocator-size-audio-worker=65536"
    "memorysetup-temp-allocator-size-cloud-worker=32768"
    "memorysetup-temp-allocator-size-gi-baking-worker=262144"
    "memorysetup-temp-allocator-size-gfx=262144"
Player connection [28460] Host "[IP] 192.168.1.5 [Port] 0 [Flags] 2 [Guid] 2525311033 [EditorId] 2525311033 [Version] 1048832 [Id] WindowsEditor(7,GTA6KA) [Debug] 1 [PackageName] WindowsEditor [ProjectName] Editor" joined multi-casting on [225.0.0.222:54997]...

Player connection [28460] Host "[IP] 192.168.1.5 [Port] 0 [Flags] 2 [Guid] 2525311033 [EditorId] 2525311033 [Version] 1048832 [Id] WindowsEditor(7,GTA6KA) [Debug] 1 [PackageName] WindowsEditor [ProjectName] Editor" joined alternative multi-casting on [225.0.0.222:34997]...

Refreshing native plugins compatible for Editor in 60.03 ms, found 3 plugins.
Preloading 0 native plugins for Editor in 0.00 ms.
Initialize engine version: 2021.3.21f1 (1b156197d683)
[Subsystems] Discovering subsystems at path D:/Unity/2021.3.21f1/Editor/Data/Resources/UnitySubsystems
[Subsystems] Discovering subsystems at path D:/Unity/Projects/MyGitHub/Hide-SeekMultiPlayer/Hide&Seek-MultiPlayer/Assets
GfxDevice: creating device client; threaded=0; jobified=0
Direct3D:
    Version:  Direct3D 11.0 [level 11.1]
    Renderer: NVIDIA GeForce RTX 3080 (ID=0x2206)
    Vendor:   NVIDIA
    VRAM:     10067 MB
    Driver:   31.0.15.3742
Initialize mono
Mono path[0] = 'D:/Unity/2021.3.21f1/Editor/Data/Managed'
Mono path[1] = 'D:/Unity/2021.3.21f1/Editor/Data/MonoBleedingEdge/lib/mono/unityjit-win32'
Mono config path = 'D:/Unity/2021.3.21f1/Editor/Data/MonoBleedingEdge/etc'
Using monoOptions --debugger-agent=transport=dt_socket,embedding=1,server=y,suspend=n,address=127.0.0.1:56780
Begin MonoManager ReloadAssembly
Registering precompiled unity dll's ...
Register platform support module: D:/Unity/2021.3.21f1/Editor/Data/PlaybackEngines/WebGLSupport/UnityEditor.WebGL.Extensions.dll
Register platform support module: D:/Unity/2021.3.21f1/Editor/Data/PlaybackEngines/WindowsStandaloneSupport/UnityEditor.WindowsStandalone.Extensions.dll
Register platform support module: D:/Unity/2021.3.21f1/Editor/Data/PlaybackEngines/MetroSupport/UnityEditor.UWP.Extensions.dll
Registered in 0.001508 seconds.
Native extension for UWP target not found
Native extension for WindowsStandalone target not found
Native extension for WebGL target not found
Refreshing native plugins compatible for Editor in 56.88 ms, found 3 plugins.
Preloading 0 native plugins for Editor in 0.00 ms.
Mono: successfully reloaded assembly
- Completed reload, in  0.434 seconds
Domain Reload Profiling:
	ReloadAssembly (434ms)
		BeginReloadAssembly (59ms)
			ExecutionOrderSort (0ms)
			DisableScriptedObjects (0ms)
			BackupInstance (0ms)
			ReleaseScriptingObjects (0ms)
			CreateAndSetChildDomain (1ms)
		EndReloadAssembly (310ms)
			LoadAssemblies (58ms)
			RebuildTransferFunctionScriptingTraits (0ms)
			SetupTypeCache (73ms)
			ReleaseScriptCaches (0ms)
			RebuildScriptCaches (19ms)
			SetupLoadedEditorAssemblies (185ms)
				LogAssemblyErrors (0ms)
				InitializePlatformSupportModulesInManaged (6ms)
				SetLoadedEditorAssemblies (0ms)
				RefreshPlugins (57ms)
				BeforeProcessingInitializeOnLoad (1ms)
				ProcessInitializeOnLoadAttributes (87ms)
				ProcessInitializeOnLoadMethodAttributes (34ms)
				AfterProcessingInitializeOnLoad (0ms)
				EditorAssembliesLoaded (0ms)
			ExecutionOrderSort2 (0ms)
			AwakeInstancesAfterBackupRestoration (0ms)
Platform modules already initialized, skipping
Registering precompiled user dll's ...
Registered in 0.002440 seconds.
Begin MonoManager ReloadAssembly
Symbol file LoadedFromMemory doesn't match image D:\Unity\Projects\MyGitHub\Hide-SeekMultiPlayer\Hide&Seek-MultiPlayer\Library\PackageCache\com.unity.visualscripting@1.8.0\Editor\VisualScripting.Core\Dependencies\YamlDotNet\Unity.VisualScripting.YamlDotNet.dll
Symbol file LoadedFromMemory doesn't match image D:\Unity\Projects\MyGitHub\Hide-SeekMultiPlayer\Hide&Seek-MultiPlayer\Library\PackageCache\com.unity.visualscripting@1.8.0\Editor\VisualScripting.Core\Dependencies\DotNetZip\Unity.VisualScripting.IonicZip.dll
Native extension for UWP target not found
Native extension for WindowsStandalone target not found
Native extension for WebGL target not found
Refreshing native plugins compatible for Editor in 0.44 ms, found 3 plugins.
Preloading 0 native plugins for Editor in 0.00 ms.
Mono: successfully reloaded assembly
- Completed reload, in  0.726 seconds
Domain Reload Profiling:
	ReloadAssembly (727ms)
		BeginReloadAssembly (80ms)
			ExecutionOrderSort (0ms)
			DisableScriptedObjects (4ms)
			BackupInstance (0ms)
			ReleaseScriptingObjects (0ms)
			CreateAndSetChildDomain (14ms)
		EndReloadAssembly (576ms)
			LoadAssemblies (57ms)
			RebuildTransferFunctionScriptingTraits (0ms)
			SetupTypeCache (225ms)
			ReleaseScriptCaches (0ms)
			RebuildScriptCaches (36ms)
			SetupLoadedEditorAssemblies (233ms)
				LogAssemblyErrors (0ms)
				InitializePlatformSupportModulesInManaged (4ms)
				SetLoadedEditorAssemblies (0ms)
				RefreshPlugins (0ms)
				BeforeProcessingInitializeOnLoad (50ms)
				ProcessInitializeOnLoadAttributes (162ms)
				ProcessInitializeOnLoadMethodAttributes (14ms)
				AfterProcessingInitializeOnLoad (1ms)
				EditorAssembliesLoaded (0ms)
			ExecutionOrderSort2 (0ms)
			AwakeInstancesAfterBackupRestoration (5ms)
Platform modules already initialized, skipping
========================================================================
Worker process is ready to serve import requests
Launched and connected shader compiler UnityShaderCompiler.exe after 0.04 seconds
Refreshing native plugins compatible for Editor in 0.42 ms, found 3 plugins.
Preloading 0 native plugins for Editor in 0.00 ms.
Unloading 3212 Unused Serialized files (Serialized files now loaded: 0)
Unloading 36 unused Assets / (1.3 MB). Loaded Objects now: 3665.
Memory consumption went from 121.3 MB to 120.0 MB.
Total: 2.382400 ms (FindLiveObjects: 0.159000 ms CreateObjectMapping: 0.062600 ms MarkObjects: 1.942000 ms  DeleteObjects: 0.218100 ms)

AssetImportParameters requested are different than current active one (requested -> active):
  custom:video-decoder-ogg-theora: a1e56fd34408186e4bbccfd4996cb3dc -> 
  custom:container-muxer-webm: aa71ff27fc2769a1b78a27578f13a17b -> 
  custom:container-demuxer-webm: 4f35f7cbe854078d1ac9338744f61a02 -> 
  custom:video-encoder-webm-vp8: eb34c28f22e8b96e1ab97ce403110664 -> 
  custom:video-codec-MediaFoundation-h265: 746d11721c4dcdbdad8f713fa42b33f4 -> 
  custom:audio-encoder-webm-vorbis: bf7c407c2cedff20999df2af8eb42d56 -> 
  custom:framework-win-MediaFoundation: 216162199b28c13a410421893ffa2e32 -> 
  custom:container-demuxer-ogg: 62fdf1f143b41e24485cea50d1cbac27 -> 
  custom:video-decoder-webm-vp8: 9c59270c3fd7afecdb556c50c9e8de78 -> 
  custom:audio-decoder-ogg-vorbis: bf7c407c2cedff20999df2af8eb42d56 -> 
========================================================================
Received Import Request.
  Time since last request: 69344.077495 seconds.
  path: Assets/Toon Furniture/Models/Toilet_1_1.fbx
  artifactKey: Guid(8b2187eee69412246b555d50d7e41e78) Importer(815301076,1909f56bfc062723c751e8b465ee728b)
Start importing Assets/Toon Furniture/Models/Toilet_1_1.fbx using Guid(8b2187eee69412246b555d50d7e41e78) Importer(815301076,1909f56bfc062723c751e8b465ee728b)  -> (artifact id: 'fbfdd2b62462b23f0133e3cd92068a81') in 0.104464 seconds 
========================================================================
Received Import Request.
  Time since last request: 340.734284 seconds.
  path: Assets/Toon Furniture/Materials/Ball_1_1.mat
  artifactKey: Guid(bc571f4d55bfe8946a7f706439a53a1f) Importer(815301076,1909f56bfc062723c751e8b465ee728b)
Start importing Assets/Toon Furniture/Materials/Ball_1_1.mat using Guid(bc571f4d55bfe8946a7f706439a53a1f) Importer(815301076,1909f56bfc062723c751e8b465ee728b)  -> (artifact id: '18b463b389068ef650aa7361ca1d3a89') in 0.031294 seconds 
========================================================================
Received Import Request.
  Time since last request: 0.000027 seconds.
  path: Assets/Toon Furniture/Materials/Bed_2.mat
  artifactKey: Guid(23661dce65b8f53478b9b15db1ae1d49) Importer(815301076,1909f56bfc062723c751e8b465ee728b)
Start importing Assets/Toon Furniture/Materials/Bed_2.mat using Guid(23661dce65b8f53478b9b15db1ae1d49) Importer(815301076,1909f56bfc062723c751e8b465ee728b)  -> (artifact id: 'f3cba95a06b7af654443994edbe87b6b') in 0.017871 seconds 
========================================================================
Received Import Request.
  Time since last request: 0.000024 seconds.
  path: Assets/Toon Furniture/Materials/Chair_6.mat
  artifactKey: Guid(b0cb6d5647672b541a5f641672a0cc18) Importer(815301076,1909f56bfc062723c751e8b465ee728b)
Start importing Assets/Toon Furniture/Materials/Chair_6.mat using Guid(b0cb6d5647672b541a5f641672a0cc18) Importer(815301076,1909f56bfc062723c751e8b465ee728b)  -> (artifact id: 'b347dca9874d6412cf4ef773f823d5a5') in 0.012804 seconds 
========================================================================
Received Import Request.
  Time since last request: 0.000017 seconds.
  path: Assets/Toon Furniture/Materials/Chair_1.mat
  artifactKey: Guid(d45f3a5ed658dd94c84d67c87ca91578) Importer(815301076,1909f56bfc062723c751e8b465ee728b)
Start importing Assets/Toon Furniture/Materials/Chair_1.mat using Guid(d45f3a5ed658dd94c84d67c87ca91578) Importer(815301076,1909f56bfc062723c751e8b465ee728b)  -> (artifact id: 'c41750be053e57cf4cecdbb98f16651a') in 0.010427 seconds 
========================================================================
Received Import Request.
  Time since last request: 0.000017 seconds.
  path: Assets/Toon Furniture/Materials/Chair_5.mat
  artifactKey: Guid(7c6c4fc66a1ed9a4eb7458f3563eda63) Importer(815301076,1909f56bfc062723c751e8b465ee728b)
Start importing Assets/Toon Furniture/Materials/Chair_5.mat using Guid(7c6c4fc66a1ed9a4eb7458f3563eda63) Importer(815301076,1909f56bfc062723c751e8b465ee728b)  -> (artifact id: 'd240702af80845b0ad6a32f6db6323b4') in 0.021685 seconds 
========================================================================
Received Import Request.
  Time since last request: 0.000013 seconds.
  path: Assets/Toon Furniture/Materials/Chair_3.mat
  artifactKey: Guid(9ef20c6d6021deb41a6df69d367d0199) Importer(815301076,1909f56bfc062723c751e8b465ee728b)
Start importing Assets/Toon Furniture/Materials/Chair_3.mat using Guid(9ef20c6d6021deb41a6df69d367d0199) Importer(815301076,1909f56bfc062723c751e8b465ee728b)  -> (artifact id: 'f7aec5ef48534fcd37ec5062d59652fe') in 0.012630 seconds 
========================================================================
Received Import Request.
  Time since last request: 0.000015 seconds.
  path: Assets/Toon Furniture/Materials/Chair_7.mat
  artifactKey: Guid(a083ccdcd9975c548846918390de90ee) Importer(815301076,1909f56bfc062723c751e8b465ee728b)
Start importing Assets/Toon Furniture/Materials/Chair_7.mat using Guid(a083ccdcd9975c548846918390de90ee) Importer(815301076,1909f56bfc062723c751e8b465ee728b)  -> (artifact id: '03b0d0664d94c4007d527701467b9266') in 0.005847 seconds 
========================================================================
Received Import Request.
  Time since last request: 0.000015 seconds.
  path: Assets/Toon Furniture/Materials/CoffeTable_2.mat
  artifactKey: Guid(1b65b2b3727708e4da4d8a95d568cb40) Importer(815301076,1909f56bfc062723c751e8b465ee728b)
Start importing Assets/Toon Furniture/Materials/CoffeTable_2.mat using Guid(1b65b2b3727708e4da4d8a95d568cb40) Importer(815301076,1909f56bfc062723c751e8b465ee728b)  -> (artifact id: '3cb3cbeccde0e05f0ee7d4af8ec32c36') in 0.006773 seconds 
========================================================================
Received Import Request.
  Time since last request: 0.000017 seconds.
  path: Assets/Toon Furniture/Materials/Chair_8.mat
  artifactKey: Guid(e45f8df08739d7943b5b19c2fd4dfcb1) Importer(815301076,1909f56bfc062723c751e8b465ee728b)
Start importing Assets/Toon Furniture/Materials/Chair_8.mat using Guid(e45f8df08739d7943b5b19c2fd4dfcb1) Importer(815301076,1909f56bfc062723c751e8b465ee728b)  -> (artifact id: 'f29d886755e465ced10c950a5223b863') in 0.006033 seconds 
========================================================================
Received Import Request.
  Time since last request: 0.000017 seconds.
  path: Assets/Toon Furniture/Materials/Chair_4.mat
  artifactKey: Guid(a39c14be04b8abd45823d8b5b1b339b3) Importer(815301076,1909f56bfc062723c751e8b465ee728b)
Start importing Assets/Toon Furniture/Materials/Chair_4.mat using Guid(a39c14be04b8abd45823d8b5b1b339b3) Importer(815301076,1909f56bfc062723c751e8b465ee728b)  -> (artifact id: '7be6a814ab7ff53fa33b08f1ea64e9e1') in 0.006836 seconds 
========================================================================
Received Import Request.
  Time since last request: 0.000014 seconds.
  path: Assets/Toon Furniture/Materials/Chair_2.mat
  artifactKey: Guid(48e03a04f4b2d814b9ce35c219f30ef0) Importer(815301076,1909f56bfc062723c751e8b465ee728b)
Start importing Assets/Toon Furniture/Materials/Chair_2.mat using Guid(48e03a04f4b2d814b9ce35c219f30ef0) Importer(815301076,1909f56bfc062723c751e8b465ee728b)  -> (artifact id: '83e6d150ec943ebcae784113df9161e2') in 0.006130 seconds 
========================================================================
Received Import Request.
  Time since last request: 3.877815 seconds.
  path: Assets/Toon Furniture/Materials/CoffeTable_3.mat
  artifactKey: Guid(bba0acb555465444a943f2e809f686f7) Importer(815301076,1909f56bfc062723c751e8b465ee728b)
Start importing Assets/Toon Furniture/Materials/CoffeTable_3.mat using Guid(bba0acb555465444a943f2e809f686f7) Importer(815301076,1909f56bfc062723c751e8b465ee728b)  -> (artifact id: 'ef4cc8551e4acc4f1474a63689705e2e') in 0.008962 seconds 
========================================================================
Received Import Request.
  Time since last request: 0.000017 seconds.
  path: Assets/Toon Furniture/Materials/Couch_2.mat
  artifactKey: Guid(d983243af5da64f49a93a7a2ec62f721) Importer(815301076,1909f56bfc062723c751e8b465ee728b)
Start importing Assets/Toon Furniture/Materials/Couch_2.mat using Guid(d983243af5da64f49a93a7a2ec62f721) Importer(815301076,1909f56bfc062723c751e8b465ee728b)  -> (artifact id: 'f2afc32dfd17d2397cf185d69aea21cf') in 0.007274 seconds 
========================================================================
Received Import Request.
  Time since last request: 0.000015 seconds.
  path: Assets/Toon Furniture/Models/Materials/Couch_3_1.mat
  artifactKey: Guid(d69de7cba8a0cf644b57ad72c8732c28) Importer(815301076,1909f56bfc062723c751e8b465ee728b)
Start importing Assets/Toon Furniture/Models/Materials/Couch_3_1.mat using Guid(d69de7cba8a0cf644b57ad72c8732c28) Importer(815301076,1909f56bfc062723c751e8b465ee728b)  -> (artifact id: '0307bcce4f5886592834e2195a9df422') in 0.009264 seconds 
========================================================================
Received Import Request.
  Time since last request: 0.000013 seconds.
  path: Assets/Toon Furniture/Materials/Counter_2_1.mat
  artifactKey: Guid(2243660480402134dbf8912dc933d4cf) Importer(815301076,1909f56bfc062723c751e8b465ee728b)
Start importing Assets/Toon Furniture/Materials/Counter_2_1.mat using Guid(2243660480402134dbf8912dc933d4cf) Importer(815301076,1909f56bfc062723c751e8b465ee728b)  -> (artifact id: 'deac26b43b95351468b5019fed8e434c') in 0.006439 seconds 
========================================================================
Received Import Request.
  Time since last request: 10.078119 seconds.
  path: Assets/Brick Project Studio/Fast Food Restaurant Kit/Common/Materials/FFK_Wood_01_A.mat
  artifactKey: Guid(5f2a2f06c468bf9419a078526f70d5f5) Importer(815301076,1909f56bfc062723c751e8b465ee728b)
Start importing Assets/Brick Project Studio/Fast Food Restaurant Kit/Common/Materials/FFK_Wood_01_A.mat using Guid(5f2a2f06c468bf9419a078526f70d5f5) Importer(815301076,1909f56bfc062723c751e8b465ee728b)  -> (artifact id: '5bbfff47b1d416635e4b1b2f47b8ec5e') in 0.013416 seconds 
========================================================================
Received Import Request.
  Time since last request: 0.376893 seconds.
  path: Assets/Toon Furniture/Materials/Headboard_1_1.mat
  artifactKey: Guid(296234c8c55a49d45a190b0d5be1c47c) Importer(815301076,1909f56bfc062723c751e8b465ee728b)
Start importing Assets/Toon Furniture/Materials/Headboard_1_1.mat using Guid(296234c8c55a49d45a190b0d5be1c47c) Importer(815301076,1909f56bfc062723c751e8b465ee728b)  -> (artifact id: 'ce064a78e7b3c6fd0f7ba1eb3ea443f1') in 0.007930 seconds 
========================================================================
Received Import Request.
  Time since last request: 0.015924 seconds.
  path: Assets/Toon Furniture/Materials/Kitchen_Cabinet_1.mat
  artifactKey: Guid(b0a70fd5b6152d34d93eeeb307e133f2) Importer(815301076,1909f56bfc062723c751e8b465ee728b)
Start importing Assets/Toon Furniture/Materials/Kitchen_Cabinet_1.mat using Guid(b0a70fd5b6152d34d93eeeb307e133f2) Importer(815301076,1909f56bfc062723c751e8b465ee728b)  -> (artifact id: '502fa3bec41a2ce9f5b02d2f57989f81') in 0.012155 seconds 
========================================================================
Received Import Request.
  Time since last request: 0.000015 seconds.
  path: Assets/Toon Furniture/Models/Materials/Models.mat
  artifactKey: Guid(ffe68a615c607e04a85cd909d1e5f797) Importer(815301076,1909f56bfc062723c751e8b465ee728b)
Start importing Assets/Toon Furniture/Models/Materials/Models.mat using Guid(ffe68a615c607e04a85cd909d1e5f797) Importer(815301076,1909f56bfc062723c751e8b465ee728b)  -> (artifact id: 'ce80c6f95a3afd004c035522826b10f5') in 0.007365 seconds 
========================================================================
Received Import Request.
  Time since last request: 0.000014 seconds.
  path: Assets/Toon Furniture/Models/Materials/Material.mat
  artifactKey: Guid(d34c24417bf859a4baa38f61f1d2babf) Importer(815301076,1909f56bfc062723c751e8b465ee728b)
Start importing Assets/Toon Furniture/Models/Materials/Material.mat using Guid(d34c24417bf859a4baa38f61f1d2babf) Importer(815301076,1909f56bfc062723c751e8b465ee728b)  -> (artifact id: 'e6b78d63977b8571f09042f8c59eead0') in 0.005895 seconds 
========================================================================
Received Import Request.
  Time since last request: 0.021099 seconds.
  path: Assets/Toon Furniture/Models/Materials/No Name.mat
  artifactKey: Guid(e9422d76dfa191f459d16de562d0b120) Importer(815301076,1909f56bfc062723c751e8b465ee728b)
Start importing Assets/Toon Furniture/Models/Materials/No Name.mat using Guid(e9422d76dfa191f459d16de562d0b120) Importer(815301076,1909f56bfc062723c751e8b465ee728b)  -> (artifact id: '9dd7f019f473b61c94d836c2d6b57038') in 0.006666 seconds 
========================================================================
Received Import Request.
  Time since last request: 0.024982 seconds.
  path: Assets/Toon Furniture/Materials/Single_Bed_1.mat
  artifactKey: Guid(1ddcc504364d8f9449fe311e15a736a5) Importer(815301076,1909f56bfc062723c751e8b465ee728b)
Start importing Assets/Toon Furniture/Materials/Single_Bed_1.mat using Guid(1ddcc504364d8f9449fe311e15a736a5) Importer(815301076,1909f56bfc062723c751e8b465ee728b)  -> (artifact id: '590ce34ebc64a35f8ae9f9be0a487139') in 0.007670 seconds 
========================================================================
Received Import Request.
  Time since last request: 0.000020 seconds.
  path: Assets/Toon Furniture/Materials/Toilet_1.mat
  artifactKey: Guid(8fb60badbaa4ae649a56f12d58386b1a) Importer(815301076,1909f56bfc062723c751e8b465ee728b)
Start importing Assets/Toon Furniture/Materials/Toilet_1.mat using Guid(8fb60badbaa4ae649a56f12d58386b1a) Importer(815301076,1909f56bfc062723c751e8b465ee728b)  -> (artifact id: '28dcddb01a3ddf78a7260e2b51a6eb44') in 0.007745 seconds 
========================================================================
Received Import Request.
  Time since last request: 0.327853 seconds.
  path: Assets/Toon Furniture/Materials/Vase_1.mat
  artifactKey: Guid(e555eb3394ab79346a0c17a98c89c9fe) Importer(815301076,1909f56bfc062723c751e8b465ee728b)
Start importing Assets/Toon Furniture/Materials/Vase_1.mat using Guid(e555eb3394ab79346a0c17a98c89c9fe) Importer(815301076,1909f56bfc062723c751e8b465ee728b)  -> (artifact id: '6dc52bf4ff189fdf9333017386161220') in 0.009222 seconds 
========================================================================
Received Import Request.
  Time since last request: 310.698694 seconds.
  path: Assets/PolyWorkshop/CardboardBoxesSet
  artifactKey: Guid(00162e3877902d841a5de34fa8818075) Importer(815301076,1909f56bfc062723c751e8b465ee728b)
Start importing Assets/PolyWorkshop/CardboardBoxesSet using Guid(00162e3877902d841a5de34fa8818075) Importer(815301076,1909f56bfc062723c751e8b465ee728b)  -> (artifact id: 'a6bb16d69a63f5d3887a6cb9922b788b') in 0.001718 seconds 
========================================================================
Received Import Request.
  Time since last request: 1.194373 seconds.
  path: Assets/PolyWorkshop/CardboardBoxesSet/Models
  artifactKey: Guid(f1a0f813e3c75984a9a8e4f677697c8e) Importer(815301076,1909f56bfc062723c751e8b465ee728b)
Start importing Assets/PolyWorkshop/CardboardBoxesSet/Models using Guid(f1a0f813e3c75984a9a8e4f677697c8e) Importer(815301076,1909f56bfc062723c751e8b465ee728b)  -> (artifact id: 'e0014cf85a70fc275d73f06663b18298') in 0.001773 seconds 
========================================================================
Received Import Request.
  Time since last request: 254.312031 seconds.
  path: Assets/Shelf/shelf.fbx
  artifactKey: Guid(521c1d2ea014271479067ced5e16de0f) Importer(815301076,1909f56bfc062723c751e8b465ee728b)
Start importing Assets/Shelf/shelf.fbx using Guid(521c1d2ea014271479067ced5e16de0f) Importer(815301076,1909f56bfc062723c751e8b465ee728b)  -> (artifact id: '3bc60da6402e07a8caf68f03b7643ae9') in 0.019204 seconds 
========================================================================
Received Import Request.
  Time since last request: 0.001511 seconds.
  path: Assets/Shelf/Shelf_D1.prefab
  artifactKey: Guid(65fae4c12edf3e04785d6ad3242c2777) Importer(815301076,1909f56bfc062723c751e8b465ee728b)
Start importing Assets/Shelf/Shelf_D1.prefab using Guid(65fae4c12edf3e04785d6ad3242c2777) Importer(815301076,1909f56bfc062723c751e8b465ee728b)  -> (artifact id: 'af625cce547f46f27b5af25a39ff22a1') in 0.016941 seconds 
========================================================================
Received Import Request.
  Time since last request: 0.000018 seconds.
  path: Assets/Shelf/shelf_D1.fbx
  artifactKey: Guid(dc1cd74d2208845428c5f2f23fc08b23) Importer(815301076,1909f56bfc062723c751e8b465ee728b)
Start importing Assets/Shelf/shelf_D1.fbx using Guid(dc1cd74d2208845428c5f2f23fc08b23) Importer(815301076,1909f56bfc062723c751e8b465ee728b)  -> (artifact id: '7ab47343f3d535ada0b3384a0c12039f') in 0.043709 seconds 
========================================================================
Received Import Request.
  Time since last request: 0.000017 seconds.
  path: Assets/Shelf/Shelf_D2.prefab
  artifactKey: Guid(711f980f44dfefa40ac7c31354b34786) Importer(815301076,1909f56bfc062723c751e8b465ee728b)
Start importing Assets/Shelf/Shelf_D2.prefab using Guid(711f980f44dfefa40ac7c31354b34786) Importer(815301076,1909f56bfc062723c751e8b465ee728b)  -> (artifact id: 'c963a371162760d9ac2e81bdeea2954c') in 0.014254 seconds 
========================================================================
Received Import Request.
  Time since last request: 0.000019 seconds.
  path: Assets/Shelf/shelf_D.tga
  artifactKey: Guid(ce704d9941b406b479afcf033b8ece91) Importer(815301076,1909f56bfc062723c751e8b465ee728b)
Start importing Assets/Shelf/shelf_D.tga using Guid(ce704d9941b406b479afcf033b8ece91) Importer(815301076,1909f56bfc062723c751e8b465ee728b)  -> (artifact id: '3bae49e70c7ae40b7f57b385d2424f80') in 0.011496 seconds 
========================================================================
Received Import Request.
  Time since last request: 0.000017 seconds.
  path: Assets/Shelf/shelf_D2.fbx
  artifactKey: Guid(06c5fd0b3bfcd664a8cde1c4675f9fa1) Importer(815301076,1909f56bfc062723c751e8b465ee728b)
Start importing Assets/Shelf/shelf_D2.fbx using Guid(06c5fd0b3bfcd664a8cde1c4675f9fa1) Importer(815301076,1909f56bfc062723c751e8b465ee728b)  -> (artifact id: '5e30cfe932abc9b66c30ae3d7dd5f127') in 0.042501 seconds 
Editor requested this worker to shutdown with reason: Scaling down because of idle timeout
AssetImportWorker is now disconnected from the server
Process exiting
Exiting without the bug reporter. Application will terminate with return code 0