Using pre-set license
Built from '2021.3/staging' branch; Version is '2021.3.21f1 (1b156197d683) revision 1774945'; Using compiler version '192829333'; Build Type 'Release'
OS: 'Windows 11  (10.0.22621) 64bit Professional' Language: 'ru' Physical Memory: 32606 MB
BatchMode: 1, IsHumanControllingUs: 0, StartBugReporterOnCrash: 0, Is64bit: 1, IsPro: 1

COMMAND LINE ARGUMENTS:
D:\Unity\2021.3.21f1\Editor\Unity.exe
-adb2
-batchMode
-noUpm
-name
AssetImportWorker10
-projectPath
D:/Unity/Projects/MyGitHub/Hide-SeekMultiPlayer/Hide&Seek-MultiPlayer
-logFile
Logs/AssetImportWorker10.log
-srvPort
62557
Successfully changed project path to: D:/Unity/Projects/MyGitHub/Hide-SeekMultiPlayer/Hide&Seek-MultiPlayer
D:/Unity/Projects/MyGitHub/Hide-SeekMultiPlayer/Hide&Seek-MultiPlayer
[UnityMemory] Configuration Parameters - Can be set up in boot.config
    "memorysetup-bucket-allocator-granularity=16"
    "memorysetup-bucket-allocator-bucket-count=8"
    "memorysetup-bucket-allocator-block-size=33554432"
    "memorysetup-bucket-allocator-block-count=8"
    "memorysetup-main-allocator-block-size=16777216"
    "memorysetup-thread-allocator-block-size=16777216"
    "memorysetup-gfx-main-allocator-block-size=16777216"
    "memorysetup-gfx-thread-allocator-block-size=16777216"
    "memorysetup-cache-allocator-block-size=4194304"
    "memorysetup-typetree-allocator-block-size=2097152"
    "memorysetup-profiler-bucket-allocator-granularity=16"
    "memorysetup-profiler-bucket-allocator-bucket-count=8"
    "memorysetup-profiler-bucket-allocator-block-size=33554432"
    "memorysetup-profiler-bucket-allocator-block-count=8"
    "memorysetup-profiler-allocator-block-size=16777216"
    "memorysetup-profiler-editor-allocator-block-size=1048576"
    "memorysetup-temp-allocator-size-main=16777216"
    "memorysetup-job-temp-allocator-block-size=2097152"
    "memorysetup-job-temp-allocator-block-size-background=1048576"
    "memorysetup-job-temp-allocator-reduction-small-platforms=262144"
    "memorysetup-temp-allocator-size-background-worker=32768"
    "memorysetup-temp-allocator-size-job-worker=262144"
    "memorysetup-temp-allocator-size-preload-manager=33554432"
    "memorysetup-temp-allocator-size-nav-mesh-worker=65536"
    "memorysetup-temp-allocator-size-audio-worker=65536"
    "memorysetup-temp-allocator-size-cloud-worker=32768"
    "memorysetup-temp-allocator-size-gi-baking-worker=262144"
    "memorysetup-temp-allocator-size-gfx=262144"
Player connection [24464] Host "[IP] 192.168.1.5 [Port] 0 [Flags] 2 [Guid] 3184690804 [EditorId] 3184690804 [Version] 1048832 [Id] WindowsEditor(7,GTA6KA) [Debug] 1 [PackageName] WindowsEditor [ProjectName] Editor" joined multi-casting on [225.0.0.222:54997]...

Player connection [24464] Host "[IP] 192.168.1.5 [Port] 0 [Flags] 2 [Guid] 3184690804 [EditorId] 3184690804 [Version] 1048832 [Id] WindowsEditor(7,GTA6KA) [Debug] 1 [PackageName] WindowsEditor [ProjectName] Editor" joined alternative multi-casting on [225.0.0.222:34997]...

Refreshing native plugins compatible for Editor in 61.87 ms, found 3 plugins.
Preloading 0 native plugins for Editor in 0.00 ms.
Initialize engine version: 2021.3.21f1 (1b156197d683)
[Subsystems] Discovering subsystems at path D:/Unity/2021.3.21f1/Editor/Data/Resources/UnitySubsystems
[Subsystems] Discovering subsystems at path D:/Unity/Projects/MyGitHub/Hide-SeekMultiPlayer/Hide&Seek-MultiPlayer/Assets
GfxDevice: creating device client; threaded=0; jobified=0
Direct3D:
    Version:  Direct3D 11.0 [level 11.1]
    Renderer: NVIDIA GeForce RTX 3080 (ID=0x2206)
    Vendor:   NVIDIA
    VRAM:     10067 MB
    Driver:   31.0.15.3742
Initialize mono
Mono path[0] = 'D:/Unity/2021.3.21f1/Editor/Data/Managed'
Mono path[1] = 'D:/Unity/2021.3.21f1/Editor/Data/MonoBleedingEdge/lib/mono/unityjit-win32'
Mono config path = 'D:/Unity/2021.3.21f1/Editor/Data/MonoBleedingEdge/etc'
Using monoOptions --debugger-agent=transport=dt_socket,embedding=1,server=y,suspend=n,address=127.0.0.1:56940
Begin MonoManager ReloadAssembly
Registering precompiled unity dll's ...
Register platform support module: D:/Unity/2021.3.21f1/Editor/Data/PlaybackEngines/WebGLSupport/UnityEditor.WebGL.Extensions.dll
Register platform support module: D:/Unity/2021.3.21f1/Editor/Data/PlaybackEngines/WindowsStandaloneSupport/UnityEditor.WindowsStandalone.Extensions.dll
Register platform support module: D:/Unity/2021.3.21f1/Editor/Data/PlaybackEngines/MetroSupport/UnityEditor.UWP.Extensions.dll
Registered in 0.001555 seconds.
Native extension for UWP target not found
Native extension for WindowsStandalone target not found
Native extension for WebGL target not found
Refreshing native plugins compatible for Editor in 56.24 ms, found 3 plugins.
Preloading 0 native plugins for Editor in 0.00 ms.
Mono: successfully reloaded assembly
- Completed reload, in  0.456 seconds
Domain Reload Profiling:
	ReloadAssembly (457ms)
		BeginReloadAssembly (61ms)
			ExecutionOrderSort (0ms)
			DisableScriptedObjects (0ms)
			BackupInstance (0ms)
			ReleaseScriptingObjects (0ms)
			CreateAndSetChildDomain (1ms)
		EndReloadAssembly (322ms)
			LoadAssemblies (61ms)
			RebuildTransferFunctionScriptingTraits (0ms)
			SetupTypeCache (81ms)
			ReleaseScriptCaches (0ms)
			RebuildScriptCaches (19ms)
			SetupLoadedEditorAssemblies (184ms)
				LogAssemblyErrors (0ms)
				InitializePlatformSupportModulesInManaged (6ms)
				SetLoadedEditorAssemblies (0ms)
				RefreshPlugins (56ms)
				BeforeProcessingInitializeOnLoad (1ms)
				ProcessInitializeOnLoadAttributes (87ms)
				ProcessInitializeOnLoadMethodAttributes (33ms)
				AfterProcessingInitializeOnLoad (0ms)
				EditorAssembliesLoaded (0ms)
			ExecutionOrderSort2 (0ms)
			AwakeInstancesAfterBackupRestoration (0ms)
Platform modules already initialized, skipping
Registering precompiled user dll's ...
Registered in 0.002726 seconds.
Begin MonoManager ReloadAssembly
Symbol file LoadedFromMemory doesn't match image D:\Unity\Projects\MyGitHub\Hide-SeekMultiPlayer\Hide&Seek-MultiPlayer\Library\PackageCache\com.unity.visualscripting@1.8.0\Editor\VisualScripting.Core\Dependencies\YamlDotNet\Unity.VisualScripting.YamlDotNet.dll
Symbol file LoadedFromMemory doesn't match image D:\Unity\Projects\MyGitHub\Hide-SeekMultiPlayer\Hide&Seek-MultiPlayer\Library\PackageCache\com.unity.visualscripting@1.8.0\Editor\VisualScripting.Core\Dependencies\DotNetZip\Unity.VisualScripting.IonicZip.dll
Native extension for UWP target not found
Native extension for WindowsStandalone target not found
Native extension for WebGL target not found
Refreshing native plugins compatible for Editor in 0.47 ms, found 3 plugins.
Preloading 0 native plugins for Editor in 0.00 ms.
Mono: successfully reloaded assembly
- Completed reload, in  0.721 seconds
Domain Reload Profiling:
	ReloadAssembly (722ms)
		BeginReloadAssembly (77ms)
			ExecutionOrderSort (0ms)
			DisableScriptedObjects (4ms)
			BackupInstance (0ms)
			ReleaseScriptingObjects (0ms)
			CreateAndSetChildDomain (14ms)
		EndReloadAssembly (571ms)
			LoadAssemblies (56ms)
			RebuildTransferFunctionScriptingTraits (0ms)
			SetupTypeCache (213ms)
			ReleaseScriptCaches (0ms)
			RebuildScriptCaches (37ms)
			SetupLoadedEditorAssemblies (236ms)
				LogAssemblyErrors (0ms)
				InitializePlatformSupportModulesInManaged (4ms)
				SetLoadedEditorAssemblies (0ms)
				RefreshPlugins (1ms)
				BeforeProcessingInitializeOnLoad (52ms)
				ProcessInitializeOnLoadAttributes (164ms)
				ProcessInitializeOnLoadMethodAttributes (13ms)
				AfterProcessingInitializeOnLoad (1ms)
				EditorAssembliesLoaded (0ms)
			ExecutionOrderSort2 (0ms)
			AwakeInstancesAfterBackupRestoration (5ms)
Platform modules already initialized, skipping
========================================================================
Worker process is ready to serve import requests
Launched and connected shader compiler UnityShaderCompiler.exe after 0.04 seconds
Refreshing native plugins compatible for Editor in 0.58 ms, found 3 plugins.
Preloading 0 native plugins for Editor in 0.00 ms.
Unloading 3212 Unused Serialized files (Serialized files now loaded: 0)
Unloading 36 unused Assets / (1.3 MB). Loaded Objects now: 3665.
Memory consumption went from 121.3 MB to 120.0 MB.
Total: 2.516000 ms (FindLiveObjects: 0.191600 ms CreateObjectMapping: 0.091900 ms MarkObjects: 2.017300 ms  DeleteObjects: 0.214200 ms)

AssetImportParameters requested are different than current active one (requested -> active):
  custom:video-decoder-ogg-theora: a1e56fd34408186e4bbccfd4996cb3dc -> 
  custom:container-muxer-webm: aa71ff27fc2769a1b78a27578f13a17b -> 
  custom:container-demuxer-webm: 4f35f7cbe854078d1ac9338744f61a02 -> 
  custom:video-encoder-webm-vp8: eb34c28f22e8b96e1ab97ce403110664 -> 
  custom:video-codec-MediaFoundation-h265: 746d11721c4dcdbdad8f713fa42b33f4 -> 
  custom:audio-encoder-webm-vorbis: bf7c407c2cedff20999df2af8eb42d56 -> 
  custom:framework-win-MediaFoundation: 216162199b28c13a410421893ffa2e32 -> 
  custom:container-demuxer-ogg: 62fdf1f143b41e24485cea50d1cbac27 -> 
  custom:video-decoder-webm-vp8: 9c59270c3fd7afecdb556c50c9e8de78 -> 
  custom:audio-decoder-ogg-vorbis: bf7c407c2cedff20999df2af8eb42d56 -> 
========================================================================
Received Import Request.
  Time since last request: 69684.920241 seconds.
  path: Assets/Toon Furniture/Materials/Bed_1_1.mat
  artifactKey: Guid(a23f193da264873409fcb5b9edda3d7c) Importer(815301076,1909f56bfc062723c751e8b465ee728b)
Start importing Assets/Toon Furniture/Materials/Bed_1_1.mat using Guid(a23f193da264873409fcb5b9edda3d7c) Importer(815301076,1909f56bfc062723c751e8b465ee728b)  -> (artifact id: '31cc457aa5b1f682d4dca80d40c0b3de') in 0.136454 seconds 
========================================================================
Received Import Request.
  Time since last request: 0.000038 seconds.
  path: Assets/Toon Furniture/Materials/CoffeTable_1.mat
  artifactKey: Guid(8137a4b9e7fd60340a30656d9c24feb7) Importer(815301076,1909f56bfc062723c751e8b465ee728b)
Start importing Assets/Toon Furniture/Materials/CoffeTable_1.mat using Guid(8137a4b9e7fd60340a30656d9c24feb7) Importer(815301076,1909f56bfc062723c751e8b465ee728b)  -> (artifact id: '0e306dd9dc9cf9c8fc774ec74c4c3521') in 0.007195 seconds 
========================================================================
Received Import Request.
  Time since last request: 0.000028 seconds.
  path: Assets/Toon Furniture/Materials/Chair_9.mat
  artifactKey: Guid(35f6412b7d0f22341b053bad4871ce4f) Importer(815301076,1909f56bfc062723c751e8b465ee728b)
Start importing Assets/Toon Furniture/Materials/Chair_9.mat using Guid(35f6412b7d0f22341b053bad4871ce4f) Importer(815301076,1909f56bfc062723c751e8b465ee728b)  -> (artifact id: '360d4be5be44a62314471f7594d2e8b8') in 0.006844 seconds 
========================================================================
Received Import Request.
  Time since last request: 0.000016 seconds.
  path: Assets/PolyWorkshop/CardboardBoxesSet/Materials/cardboardBoxes_Material.mat
  artifactKey: Guid(25cf391b82a62fd409ac25582b00a664) Importer(815301076,1909f56bfc062723c751e8b465ee728b)
Start importing Assets/PolyWorkshop/CardboardBoxesSet/Materials/cardboardBoxes_Material.mat using Guid(25cf391b82a62fd409ac25582b00a664) Importer(815301076,1909f56bfc062723c751e8b465ee728b)  -> (artifact id: 'e1cf4876b0bbeb6a0ea0701ba44d7039') in 0.015260 seconds 
========================================================================
Received Import Request.
  Time since last request: 3.872664 seconds.
  path: Assets/Toon Furniture/Materials/Cooker_1.mat
  artifactKey: Guid(278ceeecf207b8e44bf1caa9ab768075) Importer(815301076,1909f56bfc062723c751e8b465ee728b)
Start importing Assets/Toon Furniture/Materials/Cooker_1.mat using Guid(278ceeecf207b8e44bf1caa9ab768075) Importer(815301076,1909f56bfc062723c751e8b465ee728b)  -> (artifact id: '10e9a3a4263f5520ca1ac67f3d0739cd') in 0.009858 seconds 
========================================================================
Received Import Request.
  Time since last request: 0.000014 seconds.
  path: Assets/Toon Furniture/Materials/Counter_3.mat
  artifactKey: Guid(8133c53ca4ed0c54c82be79fc0a4cec8) Importer(815301076,1909f56bfc062723c751e8b465ee728b)
Start importing Assets/Toon Furniture/Materials/Counter_3.mat using Guid(8133c53ca4ed0c54c82be79fc0a4cec8) Importer(815301076,1909f56bfc062723c751e8b465ee728b)  -> (artifact id: 'd26edfdc36d6adde4d58732ba9ddd37d') in 0.007414 seconds 
========================================================================
Received Import Request.
  Time since last request: 0.000017 seconds.
  path: Assets/Toon Furniture/Materials/Counter_1.mat
  artifactKey: Guid(b1ac97309f9bfea41b01f0b7ea373b58) Importer(815301076,1909f56bfc062723c751e8b465ee728b)
Start importing Assets/Toon Furniture/Materials/Counter_1.mat using Guid(b1ac97309f9bfea41b01f0b7ea373b58) Importer(815301076,1909f56bfc062723c751e8b465ee728b)  -> (artifact id: 'b5de09120294067f27c331839e1b0dc1') in 0.007507 seconds 
========================================================================
Received Import Request.
  Time since last request: 0.000014 seconds.
  path: Assets/Toon Furniture/Materials/Couch_3.mat
  artifactKey: Guid(9614076bfdfc43344b1bdce22cec26ec) Importer(815301076,1909f56bfc062723c751e8b465ee728b)
Start importing Assets/Toon Furniture/Materials/Couch_3.mat using Guid(9614076bfdfc43344b1bdce22cec26ec) Importer(815301076,1909f56bfc062723c751e8b465ee728b)  -> (artifact id: 'da13df3627482671fd113146f9aa13b3') in 0.006208 seconds 
========================================================================
Received Import Request.
  Time since last request: 0.000014 seconds.
  path: Assets/Toon Furniture/Materials/Counter_2.mat
  artifactKey: Guid(0261e0d39029378409cd6ccb24d17a58) Importer(815301076,1909f56bfc062723c751e8b465ee728b)
Start importing Assets/Toon Furniture/Materials/Counter_2.mat using Guid(0261e0d39029378409cd6ccb24d17a58) Importer(815301076,1909f56bfc062723c751e8b465ee728b)  -> (artifact id: 'de16a7645c96585d11b7265e61243366') in 0.006291 seconds 
========================================================================
Received Import Request.
  Time since last request: 10.464012 seconds.
  path: Assets/Toon Furniture/Materials/HousePlant_1_1.mat
  artifactKey: Guid(2e13f1229956e2542a798565bbaf32be) Importer(815301076,1909f56bfc062723c751e8b465ee728b)
Start importing Assets/Toon Furniture/Materials/HousePlant_1_1.mat using Guid(2e13f1229956e2542a798565bbaf32be) Importer(815301076,1909f56bfc062723c751e8b465ee728b)  -> (artifact id: 'eb4cf78ca71165490e71395d18275c93') in 0.013664 seconds 
========================================================================
Received Import Request.
  Time since last request: 0.011777 seconds.
  path: Assets/HQ Laptop/Mesh/Materials/Laptop_dark_off.mat
  artifactKey: Guid(123f9e63e9961f44fbbd119f04898315) Importer(815301076,1909f56bfc062723c751e8b465ee728b)
Start importing Assets/HQ Laptop/Mesh/Materials/Laptop_dark_off.mat using Guid(123f9e63e9961f44fbbd119f04898315) Importer(815301076,1909f56bfc062723c751e8b465ee728b)  -> (artifact id: '991082d4e6f6ad8e283329022bc66b8d') in 0.013805 seconds 
========================================================================
Received Import Request.
  Time since last request: 0.000021 seconds.
  path: Assets/HQ Laptop/Mesh/Materials/Laptop_white_off.mat
  artifactKey: Guid(6cd28e4f8bb73734d940ef363ae9dcf9) Importer(815301076,1909f56bfc062723c751e8b465ee728b)
Start importing Assets/HQ Laptop/Mesh/Materials/Laptop_white_off.mat using Guid(6cd28e4f8bb73734d940ef363ae9dcf9) Importer(815301076,1909f56bfc062723c751e8b465ee728b)  -> (artifact id: '191548690b2431cf630091773cb39eeb') in 0.017678 seconds 
========================================================================
Received Import Request.
  Time since last request: 0.017545 seconds.
  path: Assets/Toon Furniture/Materials/Refrigerator_1.mat
  artifactKey: Guid(e3d83589f1e2bac489f8480b61dd2908) Importer(815301076,1909f56bfc062723c751e8b465ee728b)
Start importing Assets/Toon Furniture/Materials/Refrigerator_1.mat using Guid(e3d83589f1e2bac489f8480b61dd2908) Importer(815301076,1909f56bfc062723c751e8b465ee728b)  -> (artifact id: 'ae3324cb57a0450877644ecf0e2b01b0') in 0.008375 seconds 
========================================================================
Received Import Request.
  Time since last request: 0.023272 seconds.
  path: Assets/Toon Furniture/Materials/Sink_1.mat
  artifactKey: Guid(fb95a00c7ea2ea749aab701495f4639a) Importer(815301076,1909f56bfc062723c751e8b465ee728b)
Start importing Assets/Toon Furniture/Materials/Sink_1.mat using Guid(fb95a00c7ea2ea749aab701495f4639a) Importer(815301076,1909f56bfc062723c751e8b465ee728b)  -> (artifact id: '984d8bebe7cdcb88d89fa7a898d455fa') in 0.007858 seconds 
Editor requested this worker to shutdown with reason: Scaling down because of idle timeout
AssetImportWorker is now disconnected from the server
Process exiting
Exiting without the bug reporter. Application will terminate with return code 0