Using pre-set license
Built from '2021.3/staging' branch; Version is '2021.3.21f1 (1b156197d683) revision 1774945'; Using compiler version '192829333'; Build Type 'Release'
OS: 'Windows 11  (10.0.22621) 64bit Professional' Language: 'ru' Physical Memory: 32606 MB
BatchMode: 1, IsHumanControllingUs: 0, StartBugReporterOnCrash: 0, Is64bit: 1, IsPro: 1

COMMAND LINE ARGUMENTS:
D:\Unity\2021.3.21f1\Editor\Unity.exe
-adb2
-batchMode
-noUpm
-name
AssetImportWorker12
-projectPath
D:/Unity/Projects/MyGitHub/Hide-SeekMultiPlayer/Hide&Seek-MultiPlayer
-logFile
Logs/AssetImportWorker12.log
-srvPort
62557
Successfully changed project path to: D:/Unity/Projects/MyGitHub/Hide-SeekMultiPlayer/Hide&Seek-MultiPlayer
D:/Unity/Projects/MyGitHub/Hide-SeekMultiPlayer/Hide&Seek-MultiPlayer
[UnityMemory] Configuration Parameters - Can be set up in boot.config
    "memorysetup-bucket-allocator-granularity=16"
    "memorysetup-bucket-allocator-bucket-count=8"
    "memorysetup-bucket-allocator-block-size=33554432"
    "memorysetup-bucket-allocator-block-count=8"
    "memorysetup-main-allocator-block-size=16777216"
    "memorysetup-thread-allocator-block-size=16777216"
    "memorysetup-gfx-main-allocator-block-size=16777216"
    "memorysetup-gfx-thread-allocator-block-size=16777216"
    "memorysetup-cache-allocator-block-size=4194304"
    "memorysetup-typetree-allocator-block-size=2097152"
    "memorysetup-profiler-bucket-allocator-granularity=16"
    "memorysetup-profiler-bucket-allocator-bucket-count=8"
    "memorysetup-profiler-bucket-allocator-block-size=33554432"
    "memorysetup-profiler-bucket-allocator-block-count=8"
    "memorysetup-profiler-allocator-block-size=16777216"
    "memorysetup-profiler-editor-allocator-block-size=1048576"
    "memorysetup-temp-allocator-size-main=16777216"
    "memorysetup-job-temp-allocator-block-size=2097152"
    "memorysetup-job-temp-allocator-block-size-background=1048576"
    "memorysetup-job-temp-allocator-reduction-small-platforms=262144"
    "memorysetup-temp-allocator-size-background-worker=32768"
    "memorysetup-temp-allocator-size-job-worker=262144"
    "memorysetup-temp-allocator-size-preload-manager=33554432"
    "memorysetup-temp-allocator-size-nav-mesh-worker=65536"
    "memorysetup-temp-allocator-size-audio-worker=65536"
    "memorysetup-temp-allocator-size-cloud-worker=32768"
    "memorysetup-temp-allocator-size-gi-baking-worker=262144"
    "memorysetup-temp-allocator-size-gfx=262144"
Player connection [25392] Host "[IP] 192.168.1.5 [Port] 0 [Flags] 2 [Guid] 1403460962 [EditorId] 1403460962 [Version] 1048832 [Id] WindowsEditor(7,GTA6KA) [Debug] 1 [PackageName] WindowsEditor [ProjectName] Editor" joined multi-casting on [225.0.0.222:54997]...

Player connection [25392] Host "[IP] 192.168.1.5 [Port] 0 [Flags] 2 [Guid] 1403460962 [EditorId] 1403460962 [Version] 1048832 [Id] WindowsEditor(7,GTA6KA) [Debug] 1 [PackageName] WindowsEditor [ProjectName] Editor" joined alternative multi-casting on [225.0.0.222:34997]...

Refreshing native plugins compatible for Editor in 63.27 ms, found 3 plugins.
Preloading 0 native plugins for Editor in 0.00 ms.
Initialize engine version: 2021.3.21f1 (1b156197d683)
[Subsystems] Discovering subsystems at path D:/Unity/2021.3.21f1/Editor/Data/Resources/UnitySubsystems
[Subsystems] Discovering subsystems at path D:/Unity/Projects/MyGitHub/Hide-SeekMultiPlayer/Hide&Seek-MultiPlayer/Assets
GfxDevice: creating device client; threaded=0; jobified=0
Direct3D:
    Version:  Direct3D 11.0 [level 11.1]
    Renderer: NVIDIA GeForce RTX 3080 (ID=0x2206)
    Vendor:   NVIDIA
    VRAM:     10067 MB
    Driver:   31.0.15.3742
Initialize mono
Mono path[0] = 'D:/Unity/2021.3.21f1/Editor/Data/Managed'
Mono path[1] = 'D:/Unity/2021.3.21f1/Editor/Data/MonoBleedingEdge/lib/mono/unityjit-win32'
Mono config path = 'D:/Unity/2021.3.21f1/Editor/Data/MonoBleedingEdge/etc'
Using monoOptions --debugger-agent=transport=dt_socket,embedding=1,server=y,suspend=n,address=127.0.0.1:56536
Begin MonoManager ReloadAssembly
Registering precompiled unity dll's ...
Register platform support module: D:/Unity/2021.3.21f1/Editor/Data/PlaybackEngines/WebGLSupport/UnityEditor.WebGL.Extensions.dll
Register platform support module: D:/Unity/2021.3.21f1/Editor/Data/PlaybackEngines/WindowsStandaloneSupport/UnityEditor.WindowsStandalone.Extensions.dll
Register platform support module: D:/Unity/2021.3.21f1/Editor/Data/PlaybackEngines/MetroSupport/UnityEditor.UWP.Extensions.dll
Registered in 0.001422 seconds.
Native extension for UWP target not found
Native extension for WindowsStandalone target not found
Native extension for WebGL target not found
Refreshing native plugins compatible for Editor in 56.34 ms, found 3 plugins.
Preloading 0 native plugins for Editor in 0.00 ms.
Mono: successfully reloaded assembly
- Completed reload, in  0.425 seconds
Domain Reload Profiling:
	ReloadAssembly (425ms)
		BeginReloadAssembly (54ms)
			ExecutionOrderSort (0ms)
			DisableScriptedObjects (0ms)
			BackupInstance (0ms)
			ReleaseScriptingObjects (0ms)
			CreateAndSetChildDomain (1ms)
		EndReloadAssembly (310ms)
			LoadAssemblies (54ms)
			RebuildTransferFunctionScriptingTraits (0ms)
			SetupTypeCache (77ms)
			ReleaseScriptCaches (0ms)
			RebuildScriptCaches (18ms)
			SetupLoadedEditorAssemblies (181ms)
				LogAssemblyErrors (0ms)
				InitializePlatformSupportModulesInManaged (6ms)
				SetLoadedEditorAssemblies (0ms)
				RefreshPlugins (56ms)
				BeforeProcessingInitializeOnLoad (1ms)
				ProcessInitializeOnLoadAttributes (86ms)
				ProcessInitializeOnLoadMethodAttributes (32ms)
				AfterProcessingInitializeOnLoad (0ms)
				EditorAssembliesLoaded (0ms)
			ExecutionOrderSort2 (0ms)
			AwakeInstancesAfterBackupRestoration (0ms)
Platform modules already initialized, skipping
Registering precompiled user dll's ...
Registered in 0.002170 seconds.
Begin MonoManager ReloadAssembly
Symbol file LoadedFromMemory doesn't match image D:\Unity\Projects\MyGitHub\Hide-SeekMultiPlayer\Hide&Seek-MultiPlayer\Library\PackageCache\com.unity.visualscripting@1.8.0\Editor\VisualScripting.Core\Dependencies\YamlDotNet\Unity.VisualScripting.YamlDotNet.dll
Symbol file LoadedFromMemory doesn't match image D:\Unity\Projects\MyGitHub\Hide-SeekMultiPlayer\Hide&Seek-MultiPlayer\Library\PackageCache\com.unity.visualscripting@1.8.0\Editor\VisualScripting.Core\Dependencies\DotNetZip\Unity.VisualScripting.IonicZip.dll
Native extension for UWP target not found
Native extension for WindowsStandalone target not found
Native extension for WebGL target not found
Refreshing native plugins compatible for Editor in 0.41 ms, found 3 plugins.
Preloading 0 native plugins for Editor in 0.00 ms.
Mono: successfully reloaded assembly
- Completed reload, in  0.776 seconds
Domain Reload Profiling:
	ReloadAssembly (776ms)
		BeginReloadAssembly (83ms)
			ExecutionOrderSort (0ms)
			DisableScriptedObjects (4ms)
			BackupInstance (0ms)
			ReleaseScriptingObjects (0ms)
			CreateAndSetChildDomain (14ms)
		EndReloadAssembly (615ms)
			LoadAssemblies (62ms)
			RebuildTransferFunctionScriptingTraits (0ms)
			SetupTypeCache (235ms)
			ReleaseScriptCaches (0ms)
			RebuildScriptCaches (41ms)
			SetupLoadedEditorAssemblies (251ms)
				LogAssemblyErrors (0ms)
				InitializePlatformSupportModulesInManaged (4ms)
				SetLoadedEditorAssemblies (0ms)
				RefreshPlugins (0ms)
				BeforeProcessingInitializeOnLoad (49ms)
				ProcessInitializeOnLoadAttributes (182ms)
				ProcessInitializeOnLoadMethodAttributes (13ms)
				AfterProcessingInitializeOnLoad (1ms)
				EditorAssembliesLoaded (0ms)
			ExecutionOrderSort2 (0ms)
			AwakeInstancesAfterBackupRestoration (5ms)
Platform modules already initialized, skipping
========================================================================
Worker process is ready to serve import requests
Launched and connected shader compiler UnityShaderCompiler.exe after 0.04 seconds
Refreshing native plugins compatible for Editor in 0.44 ms, found 3 plugins.
Preloading 0 native plugins for Editor in 0.00 ms.
Unloading 3212 Unused Serialized files (Serialized files now loaded: 0)
Unloading 36 unused Assets / (1.3 MB). Loaded Objects now: 3665.
Memory consumption went from 121.3 MB to 120.0 MB.
Total: 2.327100 ms (FindLiveObjects: 0.172100 ms CreateObjectMapping: 0.077700 ms MarkObjects: 1.860300 ms  DeleteObjects: 0.216200 ms)

AssetImportParameters requested are different than current active one (requested -> active):
  custom:video-decoder-ogg-theora: a1e56fd34408186e4bbccfd4996cb3dc -> 
  custom:container-muxer-webm: aa71ff27fc2769a1b78a27578f13a17b -> 
  custom:container-demuxer-webm: 4f35f7cbe854078d1ac9338744f61a02 -> 
  custom:video-encoder-webm-vp8: eb34c28f22e8b96e1ab97ce403110664 -> 
  custom:video-codec-MediaFoundation-h265: 746d11721c4dcdbdad8f713fa42b33f4 -> 
  custom:audio-encoder-webm-vorbis: bf7c407c2cedff20999df2af8eb42d56 -> 
  custom:framework-win-MediaFoundation: 216162199b28c13a410421893ffa2e32 -> 
  custom:container-demuxer-ogg: 62fdf1f143b41e24485cea50d1cbac27 -> 
  custom:video-decoder-webm-vp8: 9c59270c3fd7afecdb556c50c9e8de78 -> 
  custom:audio-decoder-ogg-vorbis: bf7c407c2cedff20999df2af8eb42d56 -> 
========================================================================
Received Import Request.
  Time since last request: 69688.974002 seconds.
  path: Assets/Toon Furniture/Materials/CoffeTable_4.mat
  artifactKey: Guid(3ddc923c1a3527c4f84a7050af679b73) Importer(815301076,1909f56bfc062723c751e8b465ee728b)
Start importing Assets/Toon Furniture/Materials/CoffeTable_4.mat using Guid(3ddc923c1a3527c4f84a7050af679b73) Importer(815301076,1909f56bfc062723c751e8b465ee728b)  -> (artifact id: 'ebbcc89f8d64baac3b69dc59f20d3060') in 0.112073 seconds 
========================================================================
Received Import Request.
  Time since last request: 10.010928 seconds.
  path: Assets/Brick Project Studio/Fast Food Restaurant Kit/Common/Materials/FFK_Wood_02_A.mat
  artifactKey: Guid(edb661e9b58ac1446afddd8f10efe128) Importer(815301076,1909f56bfc062723c751e8b465ee728b)
Start importing Assets/Brick Project Studio/Fast Food Restaurant Kit/Common/Materials/FFK_Wood_02_A.mat using Guid(edb661e9b58ac1446afddd8f10efe128) Importer(815301076,1909f56bfc062723c751e8b465ee728b)  -> (artifact id: 'e26b0871fb6792239ee7d79320314a63') in 0.016637 seconds 
========================================================================
Received Import Request.
  Time since last request: 0.372924 seconds.
  path: Assets/Toon Furniture/Materials/House_Plant_1_1.mat
  artifactKey: Guid(dbcf8adae110cf149bc70c9a2fb45683) Importer(815301076,1909f56bfc062723c751e8b465ee728b)
Start importing Assets/Toon Furniture/Materials/House_Plant_1_1.mat using Guid(dbcf8adae110cf149bc70c9a2fb45683) Importer(815301076,1909f56bfc062723c751e8b465ee728b)  -> (artifact id: 'c347a576a10e57934c1e47989d2aebf9') in 0.011347 seconds 
========================================================================
Received Import Request.
  Time since last request: 0.012442 seconds.
  path: Assets/HQ Laptop/Mesh/Materials/Laptop_dark.mat
  artifactKey: Guid(f10ad687f04139a4b873242e429166a7) Importer(815301076,1909f56bfc062723c751e8b465ee728b)
Start importing Assets/HQ Laptop/Mesh/Materials/Laptop_dark.mat using Guid(f10ad687f04139a4b873242e429166a7) Importer(815301076,1909f56bfc062723c751e8b465ee728b)  -> (artifact id: '5c86f10b8028b9219fa4cacbc86d9a64') in 0.012484 seconds 
========================================================================
Received Import Request.
  Time since last request: 0.000014 seconds.
  path: Assets/PolyWorkshop/CardboardBoxesSet/Models/Materials/No Name.mat
  artifactKey: Guid(c7f8ce4ada8c4c34791757d1936b64b4) Importer(815301076,1909f56bfc062723c751e8b465ee728b)
Start importing Assets/PolyWorkshop/CardboardBoxesSet/Models/Materials/No Name.mat using Guid(c7f8ce4ada8c4c34791757d1936b64b4) Importer(815301076,1909f56bfc062723c751e8b465ee728b)  -> (artifact id: '4c66a37df8d270b894341efba146d7e7') in 0.007637 seconds 
========================================================================
Received Import Request.
  Time since last request: 0.000013 seconds.
  path: Assets/Toon Furniture/Models/Materials/Material.002.mat
  artifactKey: Guid(bcb738afa51f411449846031115f9425) Importer(815301076,1909f56bfc062723c751e8b465ee728b)
Start importing Assets/Toon Furniture/Models/Materials/Material.002.mat using Guid(bcb738afa51f411449846031115f9425) Importer(815301076,1909f56bfc062723c751e8b465ee728b)  -> (artifact id: 'f33db495207e6224d706e1668302dda7') in 0.005673 seconds 
========================================================================
Received Import Request.
  Time since last request: 0.021115 seconds.
  path: Assets/Toon Furniture/Materials/Pillow_1.mat
  artifactKey: Guid(63423b7226709b94cb78bc0a51c2fdc5) Importer(815301076,1909f56bfc062723c751e8b465ee728b)
Start importing Assets/Toon Furniture/Materials/Pillow_1.mat using Guid(63423b7226709b94cb78bc0a51c2fdc5) Importer(815301076,1909f56bfc062723c751e8b465ee728b)  -> (artifact id: '19263761f04aa8170845a34d53b67191') in 0.011309 seconds 
========================================================================
Received Import Request.
  Time since last request: 0.020259 seconds.
  path: Assets/Toon Furniture/Models/Materials/Single_Bed_1_3.mat
  artifactKey: Guid(86d273b850e13e64e8af34a00973a8cb) Importer(815301076,1909f56bfc062723c751e8b465ee728b)
Start importing Assets/Toon Furniture/Models/Materials/Single_Bed_1_3.mat using Guid(86d273b850e13e64e8af34a00973a8cb) Importer(815301076,1909f56bfc062723c751e8b465ee728b)  -> (artifact id: '1ed4f25e84e5bd2918383697b426e70c') in 0.010190 seconds 
========================================================================
Received Import Request.
  Time since last request: 0.336767 seconds.
  path: Assets/Toon Furniture/Materials/Vase_2.mat
  artifactKey: Guid(48789c7005e3790408daf876242fb920) Importer(815301076,1909f56bfc062723c751e8b465ee728b)
Start importing Assets/Toon Furniture/Materials/Vase_2.mat using Guid(48789c7005e3790408daf876242fb920) Importer(815301076,1909f56bfc062723c751e8b465ee728b)  -> (artifact id: '6fd919cc824baa2d5f095265ec1e5987') in 0.009328 seconds 
========================================================================
Received Import Request.
  Time since last request: 566.217404 seconds.
  path: Assets/Shelf/Shelf.prefab
  artifactKey: Guid(44cbea998ea1f864eb33c8e657c2c39d) Importer(815301076,1909f56bfc062723c751e8b465ee728b)
Start importing Assets/Shelf/Shelf.prefab using Guid(44cbea998ea1f864eb33c8e657c2c39d) Importer(815301076,1909f56bfc062723c751e8b465ee728b)  -> (artifact id: 'c16a7b3936f2690c59102c0cf64ac4a2') in 0.023815 seconds 
========================================================================
Received Import Request.
  Time since last request: 0.000027 seconds.
  path: Assets/Shelf/shelf_S.tga
  artifactKey: Guid(d56cfd901eb0ccb43a9ffd7c622d0d5e) Importer(815301076,1909f56bfc062723c751e8b465ee728b)
Start importing Assets/Shelf/shelf_S.tga using Guid(d56cfd901eb0ccb43a9ffd7c622d0d5e) Importer(815301076,1909f56bfc062723c751e8b465ee728b)  -> (artifact id: 'f1fdbb889e97341ef2573c9e46589fc0') in 0.059581 seconds 
========================================================================
Received Import Request.
  Time since last request: 0.000016 seconds.
  path: Assets/Shelf/shelf_N.tga
  artifactKey: Guid(46243a0509e74bb45a2893e2df132275) Importer(815301076,1909f56bfc062723c751e8b465ee728b)
Start importing Assets/Shelf/shelf_N.tga using Guid(46243a0509e74bb45a2893e2df132275) Importer(815301076,1909f56bfc062723c751e8b465ee728b)  -> (artifact id: '162a04f6fdac1b6d28babcc9107a1bd1') in 0.033782 seconds 
Editor requested this worker to shutdown with reason: Scaling down because of idle timeout
AssetImportWorker is now disconnected from the server
Process exiting
Exiting without the bug reporter. Application will terminate with return code 0